1404
821
2892
1929
1095
1246
2746
1865
279
2923
2422
1862
1783
705
9
1992
2605
138
284
1015
1073
2297
179
633
1088
177
1623
1152
1294
772
1525
2220
1861
1401
304
2230
2389
320
1159
2758
2429
60
2006
1133
97
2212
2268
2824
1808
621
921
2569
2560
1268
59
724
1433
1543
1112
1694
2863
2446
636
1119
1016
1375
557
131
940
781
2407
430
2087
1339
2185
1712
325
1081
1604
1687
1117
2566
2178
211
45
2053
611
1805
475
2050
453
113
1232
1047
801
1946
2010
1966
1614
2311
2667
1540
2478
1040
2591
780
74
2855
2975
1488
1511
229
795
308
1208
1438
1697
798
2465
1858
2275
19
1853
981
1389
630
2391
2256
2221
2134
1679
1107
448
763
2596
2571
2649
2512
2870
1625
796
800
2183
1528
1352
2337
2869
2567
1353
2485
1358
399
2317
4
849
16
85
1443
2386
2149
2773
1467
2510
2946
1713
1571
2196
1319
1260
952
2403
1567
1568
2191
205
2396
988
728
2046
2101
2789
282
2615
1886
701
182
1717
110
918
1023
1848
634
1699
786
2704
392
377
1785
1730
813
2743
1226
537
2069
2861
471
1118
1171
529
518
2468
2934
419
1980
911
622
2938
2948
124
410
670
1579
893
1843
2423
549
2327
2322
2007
824
758
1678
1758
1386
631
2038
1241
895
2939
1734
1371
2039
1228
1207
1384
2480
764
238
1489
1132
686
2461
2726
896
1343
2379
1538
115
1799
239
865
2836
1942
650
610
1759
2140
1666
10
931
1
1405
2343
1459
2999
26
665
365
591
2868
2129
1225
2000
741
1534
2989
133
37
696
2233
834
1243
1921
2776
1103
2636
1889
2890
1471
2224
343
755
2482
291
1612
2018
175
2918
2557
1444
1920
1024
1975
536
1650
568
2700
2925
1378
2662
2163
1602
859
354
1170
1719
2673
2451
2028
232
778
1622
1055
1009
2068
720
2467
2980
2943
1826
722
879
2527
1539
1022
2117
1639
645
1411
2952
127
2977
1291
1434
2500
2991
2537
2643
1653
1175
2812
52
442
840
885
2190
1369
83
1297
403
2740
1202
765
1688
2347
1572
71
1755
1803
1475
1201
1642
515
2674
2432
435
1847
2541
2965
483
236
2201
379
393
2759
1230
2754
6
1495
417
691
1236
1881
856
2508
1134
2623
440
2260
1976
1292
980
337
1930
680
465
2051
2131
2360
1038
2169
2397
2502
2876
53
2460
99
2669
2752
1802
2487
234
2364
854
1068
2411
2816
1329
2625
1763
2924
732
2679
2361
2203
2524
2821
484
1229
1811
1222
438
2150
1345
2339
2036
431
2369
1472
2979
2113
387
2735
1126
2159
756
357
754
2180
2720
2976
1296
707
2262
517
1542
1510
183
2769
36
1518
420
455
20
1435
2374
2099
955
2147
2668
804
252
736
295
1541
1696
784
1690
2680
2851
1778
1898
454
1521
998
1017
2
292
1441
2614
280
2780
477
564
154
1004
2314
2225
2320
1388
1971
581
2078
1598
516
660
70
1817
1927
2417
1173
162
747
1651
1791
2455
2683
2964
2548
91
1932
2949
2896
2194
2475
2399
641
1532
2062
2375
2285
661
2585
1278
1647
2281
825
1767
1048
303
1428
2877
421
1923
1348
2978
873
338
1789
737
318
730
2738
2961
2823
1983
2362
2770
628
1146
2213
75
810
829
823
2905
445
2827
908
1630
2681
1708
863
2745
523
1722
1508
1715
2222
274
2092
2135
1204
1764
1110
569
627
297
2356
1235
1335
1271
751
1516
2171
1620
742
2104
1321
1738
492
406
685
1179
166
1086
2464
2215
2701
919
2426
1096
2626
652
2355
1287
596
208
774
2505
928
2907
646
1894
880
1822
513
2694
682
2161
1217
1327
1780
1596
2085
1957
2599
2205
1002
1812
2583
79
2760
2290
46
2509
458
134
2867
903
2659
42
307
2772
2002
1686
1256
1648
1120
983
449
1601
2184
2594
521
1056
789
2677
2472
1632
883
1621
1725
787
1125
2020
104
1237
1771
2428
2526
985
2708
2554
11
1468
1306
1245
2878
1547
2777
28
1130
1282
2734
1392
2016
400
1470
1124
2719
1931
27
1285
2452
1270
486
2518
2310
1857
1556
1716
466
1272
818
551
1595
2283
2195
1558
912
1300
2136
1748
1968
771
287
963
953
967
2057
7
2670
2032
2095
3000
283
2119
2080
2757
286
1221
1144
168
1827
1483
1215
1067
1452
2412
2249
2843
191
1442
886
1746
2041
915
2572
2514
1838
2176
669
2022
527
1706
1454
635
192
2866
2996
122
210
530
1157
2987
2228
2151
424
237
1028
2325
2264
1313
467
1250
2926
1945
1735
2651
1044
1415
1414
1478
2568
938
2488
489
1680
2731
2413
1233
433
371
1906
790
2838
956
2503
2627
1154
585
1613
897
1464
1902
1940
673
258
216
2497
1121
999
55
2953
306
1899
1512
305
456
1936
137
1383
1851
602
2716
2494
2693
226
2160
1880
1781
2165
573
2410
2383
1901
1261
2445
1824
816
2346
2962
2227
2545
1934
2531
1212
1445
69
924
2570
164
2982
1253
405
1645
51
2305
2650
1702
1136
1065
482
891
598
2642
2900
1341
1549
1337
2081
862
378
1115
802
2805
1370
1777
434
1206
502
2919
889
2286
626
1108
1403
535
544
462
2223
868
750
2152
1820
1451
1372
1324
1912
2247
1603
753
1099
1533
1859
1587
1367
2647
463
960
63
92
323
1240
2473
245
2091
1158
384
1537
1338
2181
2590
2764
446
945
679
1473
2096
2768
1376
725
340
1998
2450
1990
288
344
1852
663
1589
1849
1277
2047
703
495
2261
1624
966
2809
1141
2632
2048
656
2055
1830
1657
1649
586
613
1160
1264
962
1070
2690
708
500
2638
694
2137
2788
2146
526
316
844
248
947
638
2267
1914
2384
542
841
965
246
2528
507
1714
1701
251
2711
2533
914
528
1322
66
222
1477
2466
659
2958
1711
2686
2882
2366
145
366
704
269
2612
1506
2723
2817
18
1087
2634
2853
760
2094
1420
935
761
1393
1928
1069
1565
2017
1359
2257
927
1274
1700
2783
296
1074
1554
105
1423
1839
244
710
1249
240
2671
1116
1078
2430
415
1487
951
1933
2799
1743
2762
1347
2644
1061
2862
65
64
413
1030
2014
2326
2174
2274
2179
1740
1447
374
2833
1079
1436
2431
1178
1573
333
209
2834
1581
1034
783
1076
2756
547
2030
1919
1289
1216
2008
1413
1127
2656
2444
290
1168
1490
1593
353
2846
2950
2702
1163
309
1693
1818
2372
1626
1991
2154
302
2553
2535
839
1993
2887
2840
603
396
173
1703
775
1317
877
653
1092
2603
1871
230
2565
1947
2839
1949
2910
2309
672
1052
1726
1597
2367
242
1918
1744
2913
2344
29
2208
1491
550
1809
1981
2074
2635
2822
2902
2561
203
1576
1954
676
1284
398
2544
2237
2611
2951
2841
89
805
982
2865
1671
2935
1021
1227
2077
832
278
717
1266
1984
1982
2688
1953
1407
2188
1058
1926
1399
2278
1741
1845
2513
1832
1646
1692
934
930
2157
1965
2483
1252
608
1882
1633
1915
1041
2381
1925
1198
688
514
425
2998
1842
1060
1705
109
2807
2342
2333
1723
948
2245
144
2439
902
757
1361
494
2854
644
1430
146
1627
719
1638
2954
2621
481
1328
668
103
1043
2523
2457
1775
811
2421
2127
385
1584
84
2130
1080
662
1400
2433
922
1683
2628
548
1561
562
681
1196
159
1654
151
345
2093
1298
187
2547
1835
2522
1676
974
1122
1102
2751
1239
2349
2729
2404
1054
2447
867
472
693
2970
2931
588
1874
2498
1135
2727
520
2424
2888
572
1665
1142
294
1149
2685
2624
2806
629
170
107
2748
2108
2579
1776
768
299
776
1801
214
1364
1825
2917
1969
135
2316
2231
2992
2235
1551
1819
2973
651
2891
2546
950
2901
1502
341
2721
2930
531
2542
767
101
1275
1960
220
2348
1391
807
30
2481
714
1482
2394
2692
1315
2015
2037
460
503
1425
380
72
715
1952
2921
2802
2066
1545
2065
2334
1333
2937
2742
2443
1247
2640
1644
1907
132
2120
785
1466
975
512
172
2204
1989
2441
2173
2739
623
2458
2620
1374
1290
1924
575
2232
178
2043
1876
1769
1332
1039
1460
2086
1310
2313
869
1437
831
1797
2064
1955
2540
2330
842
1293
2061
2289
642
2122
2167
2298
2265
2350
1379
2842
2828
2106
1128
1360
658
2009
2324
1147
1049
538
13
1756
852
1194
21
416
217
2236
2517
1059
1218
937
86
744
2365
2728
1269
2810
1749
2044
2214
1387
147
273
2562
664
1578
1973
939
2248
1956
1139
901
2358
2800
1720
2490
2239
874
1877
171
1480
2974
346
161
2272
2291
1316
1967
1751
2784
522
2550
368
667
1619
140
2750
313
2040
1978
1950
2318
332
2105
1922
1733
1257
1397
2499
361
997
1570
2830
1530
2199
1640
1380
2945
485
2398
1897
797
2580
2139
977
878
2501
692
1522
1205
2818
565
88
2323
1552
2258
1323
372
452
571
464
1564
2027
2889
241
493
1546
746
2338
1611
1224
1569
2359
408
675
752
1091
2587
1031
2306
607
117
111
913
2434
1606
649
401
1796
253
1418
1682
2133
2815
1752
1673
221
67
87
2492
2033
1377
1398
1962
946
2217
2845
1828
884
655
2073
1883
964
1875
2916
48
254
2392
907
2675
2419
1963
1090
1615
1129
2792
300
1267
2787
102
1476
1607
1105
1514
461
1867
228
2986
888
1691
2797
2577
184
158
858
2578
828
978
1977
1782
289
949
609
2012
2479
881
1362
243
2696
1373
54
738
2850
1519
1890
2454
268
2308
2177
900
1143
1182
271
1106
1846
1131
687
2629
2276
2175
1089
2273
2250
1140
1326
2385
1536
2393
2536
1191
496
2848
979
2860
932
310
1526
1523
2801
231
2341
390
1189
497
1318
2315
1456
1394
2083
277
2994
2495
674
1742
335
933
1417
2899
58
583
256
412
383
1904
2995
1006
2097
1406
2928
1330
745
2985
1113
2354
2345
2107
1786
163
2564
1183
1167
1873
539
1220
619
806
1836
2211
50
2270
2138
473
2666
1727
1560
2630
57
130
136
2879
1238
1745
2123
1895
1033
1280
3
2592
1515
2857
156
2574
1000
1412
511
1563
2029
1893
632
1605
1395
2076
1704
870
942
1424
545
904
759
731
351
2678
2023
2252
1340
2586
285
2090
2529
1816
846
2942
1346
2794
697
833
814
1574
600
1166
150
1288
2229
2378
2209
594
678
1724
1368
1162
2689
2162
326
1354
1084
2112
826
773
574
428
180
1336
2269
872
359
204
2259
989
1710
2911
1770
2304
34
1900
2110
2469
2109
1885
857
559
2796
510
1524
125
2021
2912
1753
2785
729
1609
2299
32
2377
2070
1662
582
1629
1114
1409
1357
647
5
734
733
1685
1774
2552
90
614
1123
108
2582
1045
1618
2442
2401
1184
792
2102
1499
2897
1181
2148
2703
218
355
2741
2192
1093
301
2476
1273
560
2282
1773
1661
794
916
2373
898
2035
2920
1325
257
1985
207
2652
2717
1905
2034
1057
766
2619
81
250
2556
360
2682
1757
1550
713
1008
2852
592
1210
1111
2663
1739
2532
1498
155
837
1029
991
1402
2765
876
1410
2284
2519
2737
260
762
1698
689
1037
1868
836
1432
181
2875
1365
1098
2187
1286
1585
606
223
1244
2749
1669
749
499
533
1941
1872
2515
2698
2957
1829
2898
1999
2525
546
198
2654
1100
1656
317
1594
1655
2319
2960
584
1559
819
1664
2168
1355
2254
990
740
77
1075
709
2193
2906
2712
2088
1972
2206
909
706
1153
1448
1462
199
1492
2238
1020
954
1586
677
443
2011
1729
1176
726
601
2873
44
917
2371
314
2601
2335
2425
1869
2142
1042
1248
68
1588
1439
1053
2733
1779
2182
793
1493
2766
1562
666
2303
2808
1810
1610
363
2071
2156
2504
1592
469
1935
2722
2829
1251
2072
808
215
2874
1800
597
1064
349
1513
580
1503
543
882
174
2551
94
153
1616
2563
1908
508
2672
1190
2639
2687
2609
2699
1209
1831
1575
2449
364
2253
2576
2968
1481
2437
370
1892
1066
411
735
984
2058
994
17
1754
972
2969
788
336
2408
476
1001
1793
2395
441
968
769
2280
2295
558
2294
2755
2418
2730
1396
2103
2409
2709
700
624
2405
910
1833
157
1731
519
1718
1276
866
1813
367
817
2351
2406
1320
2474
265
2063
1787
281
1788
1958
2825
1062
1036
723
2328
618
2459
2637
123
1635
1025
1501
2321
2927
2164
957
488
2496
2736
188
1263
1970
2538
1737
815
356
339
235
270
1674
1496
2616
2243
2660
2883
1884
2559
1917
1555
506
311
2332
1636
2600
1916
1071
436
1531
98
2804
2124
959
1457
1768
2293
2427
2216
2539
2388
2098
1295
1382
1429
15
267
447
2402
2835
1866
1197
2820
1834
160
2100
1821
1856
2940
1863
24
2814
1860
2031
1281
2307
116
404
2067
2045
532
871
576
809
2056
923
1486
1617
1449
1351
2126
2767
1903
1474
1979
2200
2753
407
509
1792
2197
534
2158
684
1870
2803
625
2936
2763
2042
1101
2658
358
1582
1051
1823
2598
2462
1011
1479
120
2241
342
1520
386
1500
152
201
1577
671
1681
1421
617
149
777
1850
2786
1258
1185
2884
25
2340
1807
39
830
2847
1667
185
1497
2641
847
1798
1675
2143
219
2453
593
570
2448
2705
22
1299
541
654
1988
1422
2618
1211
2819
197
40
2813
2707
2456
2558
264
2084
1265
1302
986
1453
2089
2661
2435
648
255
2025
1440
578
1350
322
770
2593
128
791
1050
820
590
1987
394
926
2858
2955
414
2054
2198
1085
141
233
2001
1077
1014
639
1213
247
1465
1416
2610
1795
1165
347
1628
1772
2511
2118
711
657
2506
213
2782
470
943
1668
2713
1864
554
2125
2493
409
2210
853
1517
2963
1109
2744
2484
2166
612
1672
525
894
2604
2189
227
2170
275
328
2993
96
375
2060
474
2218
432
2471
272
321
1172
2915
418
2972
329
1784
2141
906
1463
2082
352
827
259
395
2300
2761
2771
2302
1652
2849
2871
779
2655
2791
2234
2981
993
2353
2706
1174
2382
334
698
2368
95
126
2145
1766
1841
2595
423
1747
992
1203
1544
553
369
1469
2959
1837
1303
1910
2944
615
1187
2121
80
2908
1349
2725
637
702
2718
1356
324
2246
1161
1637
1943
2380
748
1997
941
1964
2296
561
1762
498
1007
1385
2144
1996
2415
2153
2691
976
552
2376
373
2155
2114
555
1909
1151
958
1760
855
2520
262
2904
1854
1959
1334
93
148
1255
643
2881
1308
1083
8
2714
457
73
1097
2984
1145
1944
1986
1063
266
47
1331
2005
1219
2543
1072
1535
1504
851
1138
61
2277
2922
76
451
524
699
2363
799
1566
2387
505
1961
2844
1994
838
577
165
2997
1262
478
2893
2573
1815
12
1765
2909
2271
381
848
82
195
43
2390
1461
78
2966
1148
2774
683
2798
2279
864
1446
1948
2832
1938
2263
2292
1223
142
2653
167
2971
812
1018
969
1195
62
1180
2172
38
1911
2132
298
2251
2710
2645
444
2219
566
595
1026
1164
1214
480
35
189
2370
2581
1311
2416
1891
2115
2988
2648
2530
129
331
2622
2207
1732
2575
23
1104
2516
2795
397
2489
2470
1855
2665
2607
589
263
1312
196
712
1366
2440
2486
1879
2019
1314
121
1012
212
2288
2186
996
1529
616
2646
2111
49
327
845
2872
249
695
1677
2240
2664
1660
2352
2633
2242
2895
2826
563
1634
1600
1728
376
2885
2312
1878
429
1527
14
1188
1431
224
56
2617
604
1307
718
2507
1304
1035
1455
206
348
2886
2549
389
1557
1689
2301
2079
106
2013
1150
1199
1003
402
2837
1234
2116
2584
1505
2588
2676
2859
1951
2967
261
2255
1721
843
504
2329
1937
727
2856
1342
439
944
119
319
567
362
1548
1279
1032
2983
890
427
1231
2521
2781
2597
2779
1663
1608
961
1005
1840
556
2747
599
540
2793
1590
1155
1631
2555
1390
2400
2244
905
2357
169
2287
293
1177
2715
887
1896
112
1192
995
2831
200
690
1599
936
1458
315
1709
920
350
1583
437
2052
2732
1507
1814
925
1169
1381
1887
1309
1094
1995
1156
2331
875
2697
1450
1363
620
2128
501
312
2059
2004
1027
114
2491
2724
1254
2778
1509
782
1658
850
2811
721
1974
190
1426
1305
1408
2775
2933
2956
1888
382
1806
2602
743
1591
1242
1137
1913
388
716
2589
139
2929
2657
1046
1939
861
1641
391
1485
1344
739
1283
1301
1580
1761
2941
1259
1193
1736
2608
1427
491
1695
2003
2202
2606
2463
186
2990
2684
2613
2880
1794
1484
176
1019
2790
1494
1186
1670
2864
1844
2903
1013
143
835
587
860
1804
2024
479
2477
1707
1643
929
468
973
450
330
1082
31
2420
640
2049
1790
1200
2932
822
2534
971
2631
2336
2914
2226
118
2436
2414
193
487
892
1659
276
605
459
1684
899
33
2947
2075
41
579
1553
2894
987
422
1419
2026
225
2695
803
1010
1750
490
100
970
202
2438
426
194
2266
